Determining if the log exist failed with the following output:
Change Dir: /home/alex/Media/Dev/Study Hard/CMake/Step5/build/CMakeFiles/CMakeTmp

Run Build Command(s):/usr/bin/make cmTC_09e0a/fast && /usr/bin/make  -f CMakeFiles/cmTC_09e0a.dir/build.make CMakeFiles/cmTC_09e0a.dir/build
make[1]: Entering directory '/home/alex/Media/Dev/Study Hard/CMake/Step5/build/CMakeFiles/CMakeTmp'
Building C object CMakeFiles/cmTC_09e0a.dir/CheckSymbolExists.c.o
/usr/bin/cc    -o CMakeFiles/cmTC_09e0a.dir/CheckSymbolExists.c.o -c "/home/alex/Media/Dev/Study Hard/CMake/Step5/build/CMakeFiles/CMakeTmp/CheckSymbolExists.c"
Linking C executable cmTC_09e0a
/usr/bin/cmake -E cmake_link_script CMakeFiles/cmTC_09e0a.dir/link.txt --verbose=1
/usr/bin/cc CMakeFiles/cmTC_09e0a.dir/CheckSymbolExists.c.o -o cmTC_09e0a 
/usr/bin/ld: CMakeFiles/cmTC_09e0a.dir/CheckSymbolExists.c.o: in function `main':
CheckSymbolExists.c:(.text+0x1b): undefined reference to `log'
collect2: error: ld returned 1 exit status
make[1]: *** [CMakeFiles/cmTC_09e0a.dir/build.make:106: cmTC_09e0a] Error 1
make[1]: Leaving directory '/home/alex/Media/Dev/Study Hard/CMake/Step5/build/CMakeFiles/CMakeTmp'
make: *** [Makefile:140: cmTC_09e0a/fast] Error 2


File /home/alex/Media/Dev/Study Hard/CMake/Step5/build/CMakeFiles/CMakeTmp/CheckSymbolExists.c:
/* */
#include <math.h>

int main(int argc, char** argv)
{
  (void)argv;
#ifndef log
  return ((int*)(&log))[argc];
#else
  (void)argc;
  return 0;
#endif
}
Determining if the exp exist failed with the following output:
Change Dir: /home/alex/Media/Dev/Study Hard/CMake/Step5/build/CMakeFiles/CMakeTmp

Run Build Command(s):/usr/bin/make cmTC_aa36f/fast && /usr/bin/make  -f CMakeFiles/cmTC_aa36f.dir/build.make CMakeFiles/cmTC_aa36f.dir/build
make[1]: Entering directory '/home/alex/Media/Dev/Study Hard/CMake/Step5/build/CMakeFiles/CMakeTmp'
Building C object CMakeFiles/cmTC_aa36f.dir/CheckSymbolExists.c.o
/usr/bin/cc    -o CMakeFiles/cmTC_aa36f.dir/CheckSymbolExists.c.o -c "/home/alex/Media/Dev/Study Hard/CMake/Step5/build/CMakeFiles/CMakeTmp/CheckSymbolExists.c"
Linking C executable cmTC_aa36f
/usr/bin/cmake -E cmake_link_script CMakeFiles/cmTC_aa36f.dir/link.txt --verbose=1
/usr/bin/cc CMakeFiles/cmTC_aa36f.dir/CheckSymbolExists.c.o -o cmTC_aa36f 
/usr/bin/ld: CMakeFiles/cmTC_aa36f.dir/CheckSymbolExists.c.o: in function `main':
CheckSymbolExists.c:(.text+0x1b): undefined reference to `exp'
collect2: error: ld returned 1 exit status
make[1]: *** [CMakeFiles/cmTC_aa36f.dir/build.make:106: cmTC_aa36f] Error 1
make[1]: Leaving directory '/home/alex/Media/Dev/Study Hard/CMake/Step5/build/CMakeFiles/CMakeTmp'
make: *** [Makefile:140: cmTC_aa36f/fast] Error 2


File /home/alex/Media/Dev/Study Hard/CMake/Step5/build/CMakeFiles/CMakeTmp/CheckSymbolExists.c:
/* */
#include <math.h>

int main(int argc, char** argv)
{
  (void)argv;
#ifndef exp
  return ((int*)(&exp))[argc];
#else
  (void)argc;
  return 0;
#endif
}
